<?xml version="1.0" encoding="UTF-8"?>
<!-- Generated by org.testng.reporters.JUnitXMLReporter -->
<testsuite ignored="0" hostname="TYSS-Chaithra" failures="0" tests="2" name="Test-runner-1" time="12.347" errors="0" timestamp="2025-05-03T11:59:46 IST">
  <testcase classname="inventoryTests.AddProductToCartTest" name="sampleTest" time="0.006"/>
  <testcase classname="inventoryTests.AddProductToCartTest" name="tc_01_AddProductTocartTest" time="1.717"/>
</testsuite> <!-- Test-runner-1 -->
