<?xml version="1.0" encoding="UTF-8"?>
<!-- Generated by org.testng.reporters.JUnitReportReporter -->
<testsuite hostname="TYSS-Chaithra" failures="0" tests="1" name="inventoryTests.AddLowestPriceProductToCartTest" time="1.434" errors="0" timestamp="2025-05-08T12:37:04 IST" skipped="0">
  <testcase classname="inventoryTests.AddLowestPriceProductToCartTest" name="tc_02_AddLowestPriceProductToCartTest" time="1.434"/>
  <system-out/>
</testsuite> <!-- inventoryTests.AddLowestPriceProductToCartTest -->
