<?xml version="1.0" encoding="UTF-8"?>
<!-- Generated by org.testng.reporters.JUnitReportReporter -->
<testsuite hostname="TYSS-Chaithra" failures="0" tests="3" name="practice.TestNGSample" time="0.012" errors="0" timestamp="2025-04-28T12:27:28 IST" skipped="0">
  <testcase classname="practice.TestNGSample" name="createEmpData" time="0.002"/>
  <system-out/>
  <testcase classname="practice.TestNGSample" name="createEmpData" time="0.009"/>
  <system-out/>
  <testcase classname="practice.TestNGSample" name="createEmpData" time="0.001"/>
  <system-out/>
</testsuite> <!-- practice.TestNGSample -->
